2021.09.23 06:53:54 INFO  app[][o.s.a.SchedulerImpl] Stopping SonarQube
2021.09.23 06:53:58 INFO  app[][o.s.a.SchedulerImpl] Process[ce] is stopped
2021.09.23 06:53:59 INFO  app[][o.s.a.SchedulerImpl] Process[web] is stopped
2021.09.23 06:54:00 INFO  app[][o.s.a.SchedulerImpl] Process[es] is stopped
2021.09.23 06:54:00 WARN  app[][o.s.a.p.AbstractManagedProcess] Process exited with exit value [es]: 143
2021.09.23 06:54:00 INFO  app[][o.s.a.SchedulerImpl] SonarQube is stopped
2021.09.23 07:33:46 INFO  app[][o.s.a.AppFileSystem] Cleaning or creating temp directory /opt/sonarqube/temp
2021.09.23 07:33:46 INFO  app[][o.s.a.es.EsSettings] Elasticsearch listening on [HTTP: 127.0.0.1:9001, TCP: 127.0.0.1:42903]
2021.09.23 07:33:46 INFO  app[][o.s.a.ProcessLauncherImpl] Launch process[[key='es', ipcIndex=1, logFilenamePrefix=es]] from [/opt/sonarqube/elasticsearch]: /opt/sonarqube/elasticsearch/bin/elasticsearch
2021.09.23 07:33:46 INFO  app[][o.s.a.SchedulerImpl] Waiting for Elasticsearch to be up and running
2021.09.23 07:34:14 INFO  app[][o.s.a.SchedulerImpl] Process[es] is up
2021.09.23 07:34:15 INFO  app[][o.s.a.ProcessLauncherImpl] Launch process[[key='web', ipcIndex=2, logFilenamePrefix=web]] from [/opt/sonarqube]: /opt/java/openjdk/bin/java -Djava.awt.headless=true -Dfile.encoding=UTF-8 -Djava.io.tmpdir=/opt/sonarqube/temp -XX:-OmitStackTraceInFastThrow --add-opens=java.base/java.util=ALL-UNNAMED --add-opens=java.base/java.lang=ALL-UNNAMED --add-opens=java.base/java.io=ALL-UNNAMED --add-opens=java.rmi/sun.rmi.transport=ALL-UNNAMED -Xmx512m -Xms128m -XX:+HeapDumpOnOutOfMemoryError -Dhttp.nonProxyHosts=localhost|127.*|[::1] -cp ./lib/sonar-application-9.0.1.46107.jar:/opt/sonarqube/lib/jdbc/h2/h2-1.4.199.jar org.sonar.server.app.WebServer /opt/sonarqube/temp/sq-process16691431192194114077properties
2021.09.23 07:34:49 INFO  app[][o.s.a.SchedulerImpl] Process[web] is up
2021.09.23 07:34:49 INFO  app[][o.s.a.ProcessLauncherImpl] Launch process[[key='ce', ipcIndex=3, logFilenamePrefix=ce]] from [/opt/sonarqube]: /opt/java/openjdk/bin/java -Djava.awt.headless=true -Dfile.encoding=UTF-8 -Djava.io.tmpdir=/opt/sonarqube/temp -XX:-OmitStackTraceInFastThrow --add-opens=java.base/java.util=ALL-UNNAMED -Xmx512m -Xms128m -XX:+HeapDumpOnOutOfMemoryError -Dhttp.nonProxyHosts=localhost|127.*|[::1] -cp ./lib/sonar-application-9.0.1.46107.jar:/opt/sonarqube/lib/jdbc/h2/h2-1.4.199.jar org.sonar.ce.app.CeServer /opt/sonarqube/temp/sq-process10876579990442368232properties
2021.09.23 07:34:57 INFO  app[][o.s.a.SchedulerImpl] Process[ce] is up
2021.09.23 07:34:57 INFO  app[][o.s.a.SchedulerImpl] SonarQube is up
2021.09.23 08:09:05 INFO  app[][o.s.a.SchedulerImpl] Stopping SonarQube
2021.09.23 08:09:08 WARN  app[][o.s.a.p.AbstractManagedProcess] Process exited with exit value [ce]: 143
2021.09.23 08:09:08 INFO  app[][o.s.a.SchedulerImpl] Process[ce] is stopped
2021.09.23 08:09:08 WARN  app[][o.s.a.p.AbstractManagedProcess] Process exited with exit value [es]: 143
2021.09.23 08:09:08 INFO  app[][o.s.a.SchedulerImpl] Process[es] is stopped
2021.09.23 08:11:25 INFO  app[][o.s.a.AppFileSystem] Cleaning or creating temp directory /opt/sonarqube/temp
2021.09.23 08:11:25 INFO  app[][o.s.a.es.EsSettings] Elasticsearch listening on [HTTP: 127.0.0.1:9001, TCP: 127.0.0.1:43521]
2021.09.23 08:11:26 INFO  app[][o.s.a.ProcessLauncherImpl] Launch process[[key='es', ipcIndex=1, logFilenamePrefix=es]] from [/opt/sonarqube/elasticsearch]: /opt/sonarqube/elasticsearch/bin/elasticsearch
2021.09.23 08:11:26 INFO  app[][o.s.a.SchedulerImpl] Waiting for Elasticsearch to be up and running
2021.09.23 08:13:48 INFO  app[][o.s.a.SchedulerImpl] Process[es] is up
2021.09.23 08:13:48 INFO  app[][o.s.a.ProcessLauncherImpl] Launch process[[key='web', ipcIndex=2, logFilenamePrefix=web]] from [/opt/sonarqube]: /opt/java/openjdk/bin/java -Djava.awt.headless=true -Dfile.encoding=UTF-8 -Djava.io.tmpdir=/opt/sonarqube/temp -XX:-OmitStackTraceInFastThrow --add-opens=java.base/java.util=ALL-UNNAMED --add-opens=java.base/java.lang=ALL-UNNAMED --add-opens=java.base/java.io=ALL-UNNAMED --add-opens=java.rmi/sun.rmi.transport=ALL-UNNAMED -Xmx512m -Xms128m -XX:+HeapDumpOnOutOfMemoryError -Dhttp.nonProxyHosts=localhost|127.*|[::1] -cp ./lib/sonar-application-9.0.1.46107.jar:/opt/sonarqube/lib/jdbc/h2/h2-1.4.199.jar org.sonar.server.app.WebServer /opt/sonarqube/temp/sq-process8040890157338790819properties
2021.09.23 08:14:09 INFO  app[][o.s.a.SchedulerImpl] Stopping SonarQube
2021.09.23 10:35:56 INFO  app[][o.s.a.AppFileSystem] Cleaning or creating temp directory /opt/sonarqube/temp
2021.09.23 10:35:56 INFO  app[][o.s.a.es.EsSettings] Elasticsearch listening on [HTTP: 127.0.0.1:9001, TCP: 127.0.0.1:43631]
2021.09.23 10:35:56 INFO  app[][o.s.a.ProcessLauncherImpl] Launch process[[key='es', ipcIndex=1, logFilenamePrefix=es]] from [/opt/sonarqube/elasticsearch]: /opt/sonarqube/elasticsearch/bin/elasticsearch
2021.09.23 10:35:57 INFO  app[][o.s.a.SchedulerImpl] Waiting for Elasticsearch to be up and running
2021.09.23 10:36:22 INFO  app[][o.s.a.SchedulerImpl] Process[es] is up
2021.09.23 10:36:22 INFO  app[][o.s.a.ProcessLauncherImpl] Launch process[[key='web', ipcIndex=2, logFilenamePrefix=web]] from [/opt/sonarqube]: /opt/java/openjdk/bin/java -Djava.awt.headless=true -Dfile.encoding=UTF-8 -Djava.io.tmpdir=/opt/sonarqube/temp -XX:-OmitStackTraceInFastThrow --add-opens=java.base/java.util=ALL-UNNAMED --add-opens=java.base/java.lang=ALL-UNNAMED --add-opens=java.base/java.io=ALL-UNNAMED --add-opens=java.rmi/sun.rmi.transport=ALL-UNNAMED -Xmx512m -Xms128m -XX:+HeapDumpOnOutOfMemoryError -Dhttp.nonProxyHosts=localhost|127.*|[::1] -cp ./lib/sonar-application-9.0.1.46107.jar:/opt/sonarqube/lib/jdbc/h2/h2-1.4.199.jar org.sonar.server.app.WebServer /opt/sonarqube/temp/sq-process12186559768649058878properties
2021.09.23 10:36:52 INFO  app[][o.s.a.SchedulerImpl] Process[web] is up
2021.09.23 10:36:52 INFO  app[][o.s.a.ProcessLauncherImpl] Launch process[[key='ce', ipcIndex=3, logFilenamePrefix=ce]] from [/opt/sonarqube]: /opt/java/openjdk/bin/java -Djava.awt.headless=true -Dfile.encoding=UTF-8 -Djava.io.tmpdir=/opt/sonarqube/temp -XX:-OmitStackTraceInFastThrow --add-opens=java.base/java.util=ALL-UNNAMED -Xmx512m -Xms128m -XX:+HeapDumpOnOutOfMemoryError -Dhttp.nonProxyHosts=localhost|127.*|[::1] -cp ./lib/sonar-application-9.0.1.46107.jar:/opt/sonarqube/lib/jdbc/h2/h2-1.4.199.jar org.sonar.ce.app.CeServer /opt/sonarqube/temp/sq-process2465033641915036972properties
2021.09.23 10:36:59 INFO  app[][o.s.a.SchedulerImpl] Process[ce] is up
2021.09.23 10:36:59 INFO  app[][o.s.a.SchedulerImpl] SonarQube is up
